<?xml version="1.0" encoding="UTF-8"?>
<testsuite name="tests.weeder.WEEDERTests-20210728121935" tests="8" file="tests/weeder.py" time="165.009" timestamp="2021-07-28T12:22:33" failures="7" errors="1" skipped="0">
	<testcase classname="tests.weeder.WEEDERTests" name="test_WHEN_set_default_voltage_THEN_get_default_voltage_correctly" time="20.146" timestamp="2021-07-28T12:20:32" file="tests\weeder.py" line="55">
		<failure type="AssertionError" message="Expected PV, 'TE:NDW1799:WEEDER_01:DEFAULT' to have value '100' (type: 'int').
Final PV value was '0.0' (type: 'float')"><![CDATA[Traceback (most recent call last):
  File "C:\Instrument\Apps\EPICS\support\weeder\master\system_tests\tests\weeder.py", line 56, in test_WHEN_set_default_voltage_THEN_get_default_voltage_correctly
    self.ca.assert_setting_setpoint_sets_readback(100, "DEFAULT")
  File "C:\Instrument\Apps\EPICS\support\IocTestFramework\master\utils\channel_access.py", line 554, in assert_setting_setpoint_sets_readback
    self.assert_that_pv_is(readback_pv, expected_value, timeout=timeout)
  File "C:\Instrument\Apps\EPICS\support\IocTestFramework\master\utils\channel_access.py", line 269, in assert_that_pv_is
    return self.assert_that_pv_value_causes_func_to_return_true(
  File "C:\Instrument\Apps\EPICS\support\IocTestFramework\master\utils\channel_access.py", line 248, in assert_that_pv_value_causes_func_to_return_true
    raise AssertionError(err)
AssertionError: Expected PV, 'TE:NDW1799:WEEDER_01:DEFAULT' to have value '100' (type: 'int').
Final PV value was '0.0' (type: 'float')
]]></failure>
	</testcase>
	<testcase classname="tests.weeder.WEEDERTests" name="test_WHEN_set_padding_THEN_get_padding_correctly" time="20.161" timestamp="2021-07-28T12:20:53" file="tests\weeder.py" line="46">
		<failure type="AssertionError" message="Expected PV, 'TE:NDW1799:WEEDER_01:PADDING' to have value '100' (type: 'int').
Final PV value was '0.0' (type: 'float')"><![CDATA[Traceback (most recent call last):
  File "C:\Instrument\Apps\EPICS\support\weeder\master\system_tests\tests\weeder.py", line 47, in test_WHEN_set_padding_THEN_get_padding_correctly
    self.ca.assert_setting_setpoint_sets_readback(100, "PADDING")
  File "C:\Instrument\Apps\EPICS\support\IocTestFramework\master\utils\channel_access.py", line 554, in assert_setting_setpoint_sets_readback
    self.assert_that_pv_is(readback_pv, expected_value, timeout=timeout)
  File "C:\Instrument\Apps\EPICS\support\IocTestFramework\master\utils\channel_access.py", line 269, in assert_that_pv_is
    return self.assert_that_pv_value_causes_func_to_return_true(
  File "C:\Instrument\Apps\EPICS\support\IocTestFramework\master\utils\channel_access.py", line 248, in assert_that_pv_value_causes_func_to_return_true
    raise AssertionError(err)
AssertionError: Expected PV, 'TE:NDW1799:WEEDER_01:PADDING' to have value '100' (type: 'int').
Final PV value was '0.0' (type: 'float')
]]></failure>
	</testcase>
	<testcase classname="tests.weeder.WEEDERTests" name="test_WHEN_set_ramp_rate_THEN_get_ramp_rate_correctly" time="20.160" timestamp="2021-07-28T12:21:13" file="tests\weeder.py" line="49">
		<failure type="AssertionError" message="Expected PV, 'TE:NDW1799:WEEDER_01:RAMPRATE' to have value '100' (type: 'int').
Final PV value was '0.0' (type: 'float')"><![CDATA[Traceback (most recent call last):
  File "C:\Instrument\Apps\EPICS\support\weeder\master\system_tests\tests\weeder.py", line 50, in test_WHEN_set_ramp_rate_THEN_get_ramp_rate_correctly
    self.ca.assert_setting_setpoint_sets_readback(100, "RAMPRATE")
  File "C:\Instrument\Apps\EPICS\support\IocTestFramework\master\utils\channel_access.py", line 554, in assert_setting_setpoint_sets_readback
    self.assert_that_pv_is(readback_pv, expected_value, timeout=timeout)
  File "C:\Instrument\Apps\EPICS\support\IocTestFramework\master\utils\channel_access.py", line 269, in assert_that_pv_is
    return self.assert_that_pv_value_causes_func_to_return_true(
  File "C:\Instrument\Apps\EPICS\support\IocTestFramework\master\utils\channel_access.py", line 248, in assert_that_pv_value_causes_func_to_return_true
    raise AssertionError(err)
AssertionError: Expected PV, 'TE:NDW1799:WEEDER_01:RAMPRATE' to have value '100' (type: 'int').
Final PV value was '0.0' (type: 'float')
]]></failure>
	</testcase>
	<testcase classname="tests.weeder.WEEDERTests" name="test_WHEN_set_scurve_ramping_voltage_THEN_get_ramping_voltage_correctly" time="20.157" timestamp="2021-07-28T12:21:33" file="tests\weeder.py" line="43">
		<failure type="AssertionError" message="Expected PV, 'TE:NDW1799:WEEDER_01:RAMPVOLT_S' to have value '100' (type: 'int').
Final PV value was '0.0' (type: 'float')"><![CDATA[Traceback (most recent call last):
  File "C:\Instrument\Apps\EPICS\support\weeder\master\system_tests\tests\weeder.py", line 44, in test_WHEN_set_scurve_ramping_voltage_THEN_get_ramping_voltage_correctly
    self.ca.assert_setting_setpoint_sets_readback(100, "RAMPVOLT_S")
  File "C:\Instrument\Apps\EPICS\support\IocTestFramework\master\utils\channel_access.py", line 554, in assert_setting_setpoint_sets_readback
    self.assert_that_pv_is(readback_pv, expected_value, timeout=timeout)
  File "C:\Instrument\Apps\EPICS\support\IocTestFramework\master\utils\channel_access.py", line 269, in assert_that_pv_is
    return self.assert_that_pv_value_causes_func_to_return_true(
  File "C:\Instrument\Apps\EPICS\support\IocTestFramework\master\utils\channel_access.py", line 248, in assert_that_pv_value_causes_func_to_return_true
    raise AssertionError(err)
AssertionError: Expected PV, 'TE:NDW1799:WEEDER_01:RAMPVOLT_S' to have value '100' (type: 'int').
Final PV value was '0.0' (type: 'float')
]]></failure>
	</testcase>
	<testcase classname="tests.weeder.WEEDERTests" name="test_WHEN_set_trapezoid_ramping_voltage_THEN_get_ramping_voltage_correctly" time="20.152" timestamp="2021-07-28T12:21:53" file="tests\weeder.py" line="40">
		<failure type="AssertionError" message="Expected PV, 'TE:NDW1799:WEEDER_01:RAMPVOLT_T' to have value '100' (type: 'int').
Final PV value was '0.0' (type: 'float')"><![CDATA[Traceback (most recent call last):
  File "C:\Instrument\Apps\EPICS\support\weeder\master\system_tests\tests\weeder.py", line 41, in test_WHEN_set_trapezoid_ramping_voltage_THEN_get_ramping_voltage_correctly
    self.ca.assert_setting_setpoint_sets_readback(100, "RAMPVOLT_T")
  File "C:\Instrument\Apps\EPICS\support\IocTestFramework\master\utils\channel_access.py", line 554, in assert_setting_setpoint_sets_readback
    self.assert_that_pv_is(readback_pv, expected_value, timeout=timeout)
  File "C:\Instrument\Apps\EPICS\support\IocTestFramework\master\utils\channel_access.py", line 269, in assert_that_pv_is
    return self.assert_that_pv_value_causes_func_to_return_true(
  File "C:\Instrument\Apps\EPICS\support\IocTestFramework\master\utils\channel_access.py", line 248, in assert_that_pv_value_causes_func_to_return_true
    raise AssertionError(err)
AssertionError: Expected PV, 'TE:NDW1799:WEEDER_01:RAMPVOLT_T' to have value '100' (type: 'int').
Final PV value was '0.0' (type: 'float')
]]></failure>
	</testcase>
	<testcase classname="tests.weeder.WEEDERTests" name="test_WHEN_set_voltage_THEN_get_voltage_back_correctly" time="20.152" timestamp="2021-07-28T12:22:13" file="tests\weeder.py" line="37">
		<failure type="AssertionError" message="Expected PV, 'TE:NDW1799:WEEDER_01:VOLT' to have value '100' (type: 'int').
Final PV value was '0.0' (type: 'float')"><![CDATA[Traceback (most recent call last):
  File "C:\Instrument\Apps\EPICS\support\weeder\master\system_tests\tests\weeder.py", line 38, in test_WHEN_set_voltage_THEN_get_voltage_back_correctly
    self.ca.assert_setting_setpoint_sets_readback(100, "VOLT")
  File "C:\Instrument\Apps\EPICS\support\IocTestFramework\master\utils\channel_access.py", line 554, in assert_setting_setpoint_sets_readback
    self.assert_that_pv_is(readback_pv, expected_value, timeout=timeout)
  File "C:\Instrument\Apps\EPICS\support\IocTestFramework\master\utils\channel_access.py", line 269, in assert_that_pv_is
    return self.assert_that_pv_value_causes_func_to_return_true(
  File "C:\Instrument\Apps\EPICS\support\IocTestFramework\master\utils\channel_access.py", line 248, in assert_that_pv_value_causes_func_to_return_true
    raise AssertionError(err)
AssertionError: Expected PV, 'TE:NDW1799:WEEDER_01:VOLT' to have value '100' (type: 'int').
Final PV value was '0.0' (type: 'float')
]]></failure>
	</testcase>
	<testcase classname="tests.weeder.WEEDERTests" name="test_WHEN_set_wait_THEN_get_wait_correctly" time="20.141" timestamp="2021-07-28T12:22:33" file="tests\weeder.py" line="52">
		<failure type="AssertionError" message="Expected PV, 'TE:NDW1799:WEEDER_01:WAIT' to have value '100' (type: 'int').
Final PV value was '0.0' (type: 'float')"><![CDATA[Traceback (most recent call last):
  File "C:\Instrument\Apps\EPICS\support\weeder\master\system_tests\tests\weeder.py", line 53, in test_WHEN_set_wait_THEN_get_wait_correctly
    self.ca.assert_setting_setpoint_sets_readback(100, "WAIT")
  File "C:\Instrument\Apps\EPICS\support\IocTestFramework\master\utils\channel_access.py", line 554, in assert_setting_setpoint_sets_readback
    self.assert_that_pv_is(readback_pv, expected_value, timeout=timeout)
  File "C:\Instrument\Apps\EPICS\support\IocTestFramework\master\utils\channel_access.py", line 269, in assert_that_pv_is
    return self.assert_that_pv_value_causes_func_to_return_true(
  File "C:\Instrument\Apps\EPICS\support\IocTestFramework\master\utils\channel_access.py", line 248, in assert_that_pv_value_causes_func_to_return_true
    raise AssertionError(err)
AssertionError: Expected PV, 'TE:NDW1799:WEEDER_01:WAIT' to have value '100' (type: 'int').
Final PV value was '0.0' (type: 'float')
]]></failure>
	</testcase>
	<testcase classname="tests.weeder.WEEDERTests" name="test_WHEN_set_calibrate_THEN_get_calibrate_correctly" time="23.941" timestamp="2021-07-28T12:20:12" file="tests\weeder.py" line="58">
		<error type="UnableToConnectToPVException" message="Unable to connect to PV TE:NDW1799:WEEDER_01:-100: Connection timeout (event)"><![CDATA[Traceback (most recent call last):
  File "C:\Instrument\Apps\EPICS\support\weeder\master\system_tests\tests\weeder.py", line 59, in test_WHEN_set_calibrate_THEN_get_calibrate_correctly
    self.ca.assert_setting_setpoint_sets_readback(100, -100, "CALIBRATE")
  File "C:\Instrument\Apps\EPICS\support\IocTestFramework\master\utils\channel_access.py", line 554, in assert_setting_setpoint_sets_readback
    self.assert_that_pv_is(readback_pv, expected_value, timeout=timeout)
  File "C:\Instrument\Apps\EPICS\support\IocTestFramework\master\utils\channel_access.py", line 269, in assert_that_pv_is
    return self.assert_that_pv_value_causes_func_to_return_true(
  File "C:\Instrument\Apps\EPICS\support\IocTestFramework\master\utils\channel_access.py", line 246, in assert_that_pv_value_causes_func_to_return_true
    err = self._wait_for_pv_lambda(partial(_wrapper, message), timeout)
  File "C:\Instrument\Apps\EPICS\support\IocTestFramework\master\utils\channel_access.py", line 212, in _wait_for_pv_lambda
    return wait_for_lambda()
  File "C:\Instrument\Apps\EPICS\support\IocTestFramework\master\utils\channel_access.py", line 229, in _wrapper
    value = self.get_pv_value(pv)
  File "C:\Instrument\Apps\EPICS\support\IocTestFramework\master\utils\channel_access.py", line 139, in get_pv_value
    return self.ca.get_pv_value(self.create_pv_with_prefix(pv))
  File "C:\Instrument\Apps\Python3\lib\site-packages\genie_python\genie_cachannel_wrapper.py", line 234, in get_pv_value
    chan = CaChannelWrapper.get_chan(name)
  File "C:\Instrument\Apps\Python3\lib\site-packages\genie_python\genie_cachannel_wrapper.py", line 212, in get_chan
    CaChannelWrapper.connect_to_pv(chan)
  File "C:\Instrument\Apps\Python3\lib\site-packages\genie_python\genie_cachannel_wrapper.py", line 333, in connect_to_pv
    raise UnableToConnectToPVException(ca_channel.name(), "Connection timeout (event)")
genie_python.channel_access_exceptions.UnableToConnectToPVException: Unable to connect to PV TE:NDW1799:WEEDER_01:-100: Connection timeout (event)
]]></error>
	</testcase>
</testsuite>
